<?xml version="1.0" encoding="UTF-8"?>
<!-- Generated by org.testng.reporters.JUnitXMLReporter -->
<testsuite hostname="LAPTOP-UOJNOK0D" ignored="0" name="TestLeafProject" tests="8" failures="0" timestamp="2022-05-28T00:18:13 CDT" time="105.679" errors="0">
  <testcase name="edit" time="17.164" classname="com.hcl.TestLeaf"/>
  <testcase name="button" time="10.774" classname="com.hcl.TestLeaf"/>
  <testcase name="hyperLink" time="21.124" classname="com.hcl.TestLeaf"/>
  <testcase name="images" time="12.661" classname="com.hcl.TestLeaf"/>
  <testcase name="dropDownMenu" time="12.051" classname="com.hcl.TestLeaf"/>
  <testcase name="radioButton" time="9.696" classname="com.hcl.TestLeaf"/>
  <testcase name="checkBox" time="10.954" classname="com.hcl.TestLeaf"/>
  <testcase name="table" time="11.107" classname="com.hcl.TestLeaf"/>
</testsuite> <!-- TestLeafProject -->
