<?xml version="1.0" encoding="UTF-8"?>
<testng-results skipped="0" failed="0" ignored="0" total="8" passed="8">
  <reporter-output>
  </reporter-output>
  <suite name="Default Suite" duration-ms="105679" started-at="2022-05-28T00:16:27 CDT" finished-at="2022-05-28T00:18:13 CDT">
    <groups>
    </groups>
    <test name="TestLeafProject" duration-ms="105679" started-at="2022-05-28T00:16:27 CDT" finished-at="2022-05-28T00:18:13 CDT">
      <class name="com.hcl.TestLeaf">
        <test-method status="PASS" signature="edit()[pri:1, instance:com.hcl.TestLeaf@7085bdee]" name="edit" duration-ms="17164" started-at="2022-05-28T00:16:27 CDT" finished-at="2022-05-28T00:16:45 CDT">
          <reporter-output>
          </reporter-output>
        </test-method> <!-- edit -->
        <test-method status="PASS" signature="button()[pri:2, instance:com.hcl.TestLeaf@7085bdee]" name="button" duration-ms="10774" started-at="2022-05-28T00:16:45 CDT" finished-at="2022-05-28T00:16:55 CDT">
          <reporter-output>
          </reporter-output>
        </test-method> <!-- button -->
        <test-method status="PASS" signature="hyperLink()[pri:3, instance:com.hcl.TestLeaf@7085bdee]" name="hyperLink" duration-ms="21124" started-at="2022-05-28T00:16:55 CDT" finished-at="2022-05-28T00:17:17 CDT">
          <reporter-output>
          </reporter-output>
        </test-method> <!-- hyperLink -->
        <test-method status="PASS" signature="images()[pri:4, instance:com.hcl.TestLeaf@7085bdee]" name="images" duration-ms="12661" started-at="2022-05-28T00:17:17 CDT" finished-at="2022-05-28T00:17:29 CDT">
          <reporter-output>
          </reporter-output>
        </test-method> <!-- images -->
        <test-method status="PASS" signature="dropDownMenu()[pri:5, instance:com.hcl.TestLeaf@7085bdee]" name="dropDownMenu" duration-ms="12051" started-at="2022-05-28T00:17:29 CDT" finished-at="2022-05-28T00:17:41 CDT">
          <reporter-output>
          </reporter-output>
        </test-method> <!-- dropDownMenu -->
        <test-method status="PASS" signature="radioButton()[pri:6, instance:com.hcl.TestLeaf@7085bdee]" name="radioButton" duration-ms="9696" started-at="2022-05-28T00:17:41 CDT" finished-at="2022-05-28T00:17:51 CDT">
          <reporter-output>
          </reporter-output>
        </test-method> <!-- radioButton -->
        <test-method status="PASS" signature="checkBox()[pri:7, instance:com.hcl.TestLeaf@7085bdee]" name="checkBox" duration-ms="10954" started-at="2022-05-28T00:17:51 CDT" finished-at="2022-05-28T00:18:02 CDT">
          <reporter-output>
          </reporter-output>
        </test-method> <!-- checkBox -->
        <test-method status="PASS" signature="table()[pri:8, instance:com.hcl.TestLeaf@7085bdee]" name="table" duration-ms="11107" started-at="2022-05-28T00:18:02 CDT" finished-at="2022-05-28T00:18:13 CDT">
          <reporter-output>
          </reporter-output>
        </test-method> <!-- table -->
      </class> <!-- com.hcl.TestLeaf -->
    </test> <!-- TestLeafProject -->
  </suite> <!-- Default Suite -->
</testng-results>
